
  fn.   type   at.   n   l   m
    1 atomic     1   1   0   0
    2 hydro      1   3   0   0
    3 atomic     1   2   0   0
    4 atomic     1   2   1  -1
    5 atomic     1   2   1   0
    6 atomic     1   2   1   1
    7 hydro      1   2   1  -1
    8 hydro      1   2   1   0
    9 hydro      1   2   1   1
   10 hydro      1   3   2  -2
   11 hydro      1   3   2  -1
   12 hydro      1   3   2   0
   13 hydro      1   3   2   1
   14 hydro      1   3   2   2
   15 atomic     2   1   0   0
   16 hydro      2   2   0   0
   17 hydro      2   2   1  -1
   18 hydro      2   2   1   0
   19 hydro      2   2   1   1
   20 atomic     3   1   0   0
   21 hydro      3   2   0   0
   22 hydro      3   2   1  -1
   23 hydro      3   2   1   0
   24 hydro      3   2   1   1
   25 atomic     4   1   0   0
   26 hydro      4   3   0   0
   27 atomic     4   2   0   0
   28 atomic     4   2   1  -1
   29 atomic     4   2   1   0
   30 atomic     4   2   1   1
   31 hydro      4   2   1  -1
   32 hydro      4   2   1   0
   33 hydro      4   2   1   1
   34 hydro      4   3   2  -2
   35 hydro      4   3   2  -1
   36 hydro      4   3   2   0
   37 hydro      4   3   2   1
   38 hydro      4   3   2   2
   39 atomic     5   1   0   0
   40 hydro      5   2   0   0
   41 hydro      5   2   1  -1
   42 hydro      5   2   1   0
   43 hydro      5   2   1   1
   44 atomic     6   1   0   0
   45 hydro      6   2   0   0
   46 hydro      6   2   1  -1
   47 hydro      6   2   1   0
   48 hydro      6   2   1   1
