 -0.1878810357643004E+02
  0.8167283562497685E-03
  0.4827602978226298E+00
  0.2533805146515800E-02
  0.4086663725701026E+00
 -0.7411611133599005E+00
 -0.4440892098500626E-15
 -0.5204170427930421E-16
  0.1630640067418199E-15
 -0.3787473524594727E+00
  0.1253315714251796E-01
  0.8221999713926535E-01
 -0.1034914433208017E+00
 -0.1973247953923618E-16
 -0.3282850935868591E+00
 -0.5119535685382814E-06
 -0.4738362670363150E-05
  0.3602225184889951E-05
  0.1561251128379126E-16
 -0.1513202218857840E-05
 -0.2519057155268857E+00
  0.2081668171172169E-15
 -0.1283695372222837E-15
 -0.4943961906533900E-16
 -0.7442571802316481E-01
  0.1338989683019598E-16
 -0.1127570259384925E-16
  0.2637104546713304E+00
 -0.9788366763487988E-02
  0.8572467152546440E-01
  0.1273330548108408E-01
  0.1062518129035794E-16
 -0.6213976195468769E-01
 -0.1995433551652123E-05
 -0.6938893903907228E-17
  0.2912290649632372E+00
  0.4042125978931388E-06
 -0.8516072183561291E-05
 -0.3981632926584530E-06
 -0.8673617379884035E-18
 -0.1995433551652773E-05
 -0.4325102683810367E-01
  0.7806255641895632E-17
 -0.7423419121230235E-05
  0.3329329095970401E+00
  0.7632783294297951E-16
 -0.2081668171172169E-16
  0.2775557561562891E-16
  0.3909259858055070E-05
  0.2775557561562891E-16
  0.1110223024625157E-15
  0.1767087854070981E-05
  0.6938893903907228E-17
 -0.5551115123125783E-16
  0.1699326847763936E+01
 -0.1908195823574488E-16
  0.4163336342344337E-16
  0.2081668171172169E-16
  0.1819368105080637E+00
 -0.1734723475976807E-15
  0.0000000000000000E+00
  0.4623781394569083E-01
  0.6938893903907228E-17
 -0.2081668171172169E-16
  0.1125143109723115E-05
  0.1524609869887694E+01
 -0.2534775133126721E-03
 -0.9915405145085817E-02
  0.8798680128107104E-02
  0.6591949208711867E-16
  0.8301372186533859E-01
  0.2317945633753538E-05
  0.1908195823574488E-16
  0.7532749422637888E-02
  0.1047547444545105E-05
  0.4163336342344337E-16
 -0.1734723475976807E-16
  0.1689277709024779E+01
 -0.2477694425323529E-07
 -0.2293854069549892E-05
  0.1163602335058772E-05
  0.1387778780781446E-16
 -0.3931869708671820E-05
  0.6570453548124566E-01
 -0.1040834085586084E-16
 -0.1771887075362188E-05
  0.4285492074771085E-02
 -0.5204170427930421E-17
 -0.2775557561562891E-16
 -0.6325382954606995E-06
  0.1727927556950661E+01
  0.2076767561632366E-02
  0.8212914369752469E-01
 -0.7522487341094222E-01
  0.1110223024625157E-15
 -0.5811613751340909E-01
 -0.4037409457535723E-05
  0.1387778780781446E-16
 -0.2097616093545984E-01
 -0.1819204618599968E-05
  0.2775557561562891E-16
  0.2428612866367530E-16
 -0.3399218350052807E-01
 -0.1109916706702740E-05
  0.1645083112203896E+01
 -0.1200150963365006E+01
 -0.9906601468024567E-01
  0.5370145735082210E+00
 -0.2134201190248626E+00
  0.2191295269031087E+00
 -0.3038727498065608E-05
  0.2646022909510747E-01
  0.3412090716991553E-02
 -0.4184991565861496E-05
  0.1238809838060954E-05
  0.5551675729392153E-01
 -0.2088351580749202E-01
 -0.3530478883328678E-06
  0.6764989215783312E-01
 -0.5073359585951349E+00
  0.4271650682382818E+00
 -0.3902688623297455E-01
 -0.2333354306737874E-01
 -0.2358125139112771E+00
  0.1321119925287011E+00
  0.3273724486395173E-05
 -0.2246064726051535E-01
 -0.2171474004861107E-01
  0.7114688358138624E-05
  0.4924131760675188E-07
  0.2231671259432865E-01
  0.1499274509424115E-02
  0.1403158316072572E-05
 -0.3117121538443183E-01
  0.2315815057062308E-01
  0.3792616804622153E+00
  0.1730053718203467E+01
 -0.1533914921865603E-01
 -0.3976605529867015E+00
 -0.2809762666728111E-01
 -0.1621976453623790E+00
  0.1472566226942695E-05
 -0.7962601930288821E-02
  0.7211822424158747E-01
 -0.1456604304533871E-07
  0.6891882150389383E-07
  0.2137949104088351E+00
 -0.8724109097624035E-01
 -0.2602118143596455E-06
  0.1798021760547626E-01
  0.3505942766532353E+00
 -0.3347273992466223E-01
  0.4329599480004614E+00
 -0.1350871117220515E+01
  0.4534696613498328E-01
  0.2891099718085634E+00
 -0.1108681017225793E+00
 -0.5758718595621967E-01
 -0.1994203516014759E-05
  0.8329078949967814E-01
  0.3040794242607872E-01
 -0.1463382706748395E-05
  0.1529127754912665E-05
 -0.7777206940502379E-01
 -0.1120618376079616E+00
 -0.8087459508615558E-06
 -0.1460550077684210E+00
 -0.2459745817251733E+00
  0.1254396057287894E-01
  0.2761069936552561E+00
  0.5975691858280139E+00
 -0.3374973867736886E-07
 -0.2934728573541351E-05
  0.1040531640749548E-05
 -0.1410465977364633E-05
  0.2582731665357746E-06
 -0.1556529547609643E+00
 -0.1866201796503660E-05
 -0.1672305689108880E-07
  0.1022013255292715E+00
 -0.1584305260105718E+00
  0.3875370646316129E-06
  0.1196460578055045E-05
 -0.1070680923459253E+00
 -0.8650220796151131E-06
 -0.3078901222475228E-05
  0.1268414854892208E-05
 -0.2010582399944449E-06
 -0.1545667179671251E-05
  0.8169580379828283E+00
 -0.1200150963365006E+01
 -0.9906601468024553E-01
  0.5370145735082209E+00
  0.2134201190248624E+00
  0.2191295269031087E+00
 -0.3038727498079485E-05
 -0.2646022909510753E-01
  0.3412090716991514E-02
 -0.4184991565854557E-05
 -0.1238809838083506E-05
 -0.5551675729392144E-01
 -0.2088351580749205E-01
 -0.3530478883536844E-06
  0.6764989215783300E-01
 -0.3724380214931013E+00
  0.9564323398701302E-01
  0.3651342271660885E+00
 -0.1611323189491154E+00
 -0.1092259572437609E-05
 -0.5073359585951344E+00
  0.4271650682382818E+00
 -0.3902688623297447E-01
 -0.2333354306737885E-01
  0.2358125139112772E+00
  0.1321119925287010E+00
  0.3273724486406449E-05
  0.2246064726051537E-01
 -0.2171474004861110E-01
  0.7114688358135154E-05
 -0.4924131759027200E-07
 -0.2231671259432850E-01
  0.1499274509424102E-02
  0.1403158316064766E-05
 -0.3117121538443196E-01
  0.9564323398701310E-01
  0.9945515343343850E-01
  0.1829985742224579E-01
  0.9273907342740095E-01
  0.1482571724543275E-05
  0.2315815057062328E-01
  0.3792616804622155E+00
 -0.1730053718203467E+01
  0.1533914921865596E-01
  0.3976605529867014E+00
 -0.2809762666728113E-01
  0.1621976453623790E+00
 -0.1472566226984329E-05
 -0.7962601930288707E-02
 -0.7211822424158741E-01
  0.1456604307309428E-07
  0.6891882147527090E-07
  0.2137949104088352E+00
  0.8724109097624039E-01
  0.2602118143449003E-06
 -0.1798021760547621E-01
 -0.3651342271660884E+00
 -0.1829985742224580E-01
  0.3304928664660682E+00
 -0.2176670104853776E+00
 -0.7710387064999158E-06
 -0.3505942766532354E+00
  0.3347273992466224E-01
  0.4329599480004617E+00
 -0.1350871117220515E+01
  0.4534696613498334E-01
  0.2891099718085632E+00
  0.1108681017225790E+00
 -0.5758718595621969E-01
 -0.1994203516035575E-05
 -0.8329078949967814E-01
  0.3040794242607876E-01
 -0.1463382706741456E-05
 -0.1529127754930013E-05
  0.7777206940502376E-01
 -0.1120618376079617E+00
 -0.8087459508763009E-06
 -0.1460550077684211E+00
 -0.1611323189491154E+00
  0.9273907342740093E-01
  0.2176670104853776E+00
 -0.1818198041919314E+00
 -0.3533513070444645E-06
 -0.2459745817251732E+00
  0.1254396057287897E-01
 -0.2761069936552561E+00
  0.5975691858280141E+00
 -0.3374973867042996E-07
 -0.2934728573537881E-05
  0.1040531640751283E-05
  0.1410465977371572E-05
  0.2582731665409788E-06
 -0.1556529547609642E+00
  0.1866201796502792E-05
 -0.1672305688371623E-07
  0.1022013255292716E+00
  0.1584305260105719E+00
 -0.3875370646472254E-06
  0.1196460578050708E-05
 -0.1070680923459254E+00
 -0.8650220796185826E-06
 -0.1092259572437609E-05
  0.1482571724560622E-05
  0.7710387064999158E-06
 -0.3533513070488013E-06
 -0.6396648398811064E-01
 -0.3078901222489105E-05
  0.1268414854968536E-05
  0.2010582399805672E-06
 -0.1545667179745844E-05
  0.8169580379828285E+00
 -0.1878810357643005E+02
  0.8167283562498587E-03
  0.4827602978226264E+00
  0.2533805146515522E-02
  0.4086663725701010E+00
 -0.7411611133599080E+00
 -0.2359223927328458E-15
 -0.2341876692568690E-16
  0.1084202172485504E-15
 -0.3787473524594791E+00
  0.1253315714251843E-01
  0.8221999713926538E-01
 -0.1034914433208020E+00
  0.1084202172485504E-16
 -0.3282850935868654E+00
  0.5119535686493037E-06
  0.4738362670314578E-05
 -0.3602225184688723E-05
 -0.1734723475976807E-17
  0.1513202218872585E-05
 -0.2519057155268918E+00
  0.3053113317719180E-15
 -0.7025630077706069E-16
 -0.4336808689942018E-16
 -0.7442571802316240E-01
 -0.3469446951953614E-17
 -0.1301042606982605E-17
  0.2637104546713270E+00
 -0.9788366763488293E-02
  0.8572467152546445E-01
  0.1273330548108418E-01
 -0.6938893903907228E-17
 -0.6213976195468529E-01
  0.1995433551655592E-05
  0.1040834085586084E-16
  0.2912290649632340E+00
 -0.4042125978931388E-06
  0.8516072183509249E-05
  0.3981632925725842E-06
 -0.8023096076392733E-17
  0.1995433551637595E-05
 -0.4325102683810138E-01
 -0.2385244779468110E-17
  0.7423419121244113E-05
  0.3329329095970371E+00
 -0.6938893903907228E-17
 -0.1994931997373328E-16
  0.0000000000000000E+00
 -0.3909259857853842E-05
 -0.3469446951953614E-17
  0.8153200337090993E-16
 -0.1767087854043226E-05
 -0.2168404344971009E-16
 -0.2255140518769849E-16
  0.1699326847763931E+01
 -0.2775557561562891E-16
  0.0000000000000000E+00
  0.3122502256758253E-16
  0.1819368105080640E+00
 -0.9020562075079397E-16
 -0.3469446951953614E-17
  0.4623781394569076E-01
 -0.2602085213965211E-16
  0.8673617379884035E-17
 -0.1125143109681481E-05
  0.1524609869887688E+01
 -0.2534775133127241E-03
 -0.9915405145086056E-02
  0.8798680128107056E-02
  0.8326672684688674E-16
  0.8301372186533876E-01
 -0.2317945633670271E-05
  0.0000000000000000E+00
  0.7532749422637847E-02
 -0.1047547444579799E-05
 -0.2081668171172169E-16
  0.0000000000000000E+00
  0.1689277709024773E+01
  0.2477694434344091E-07
  0.2293854069555096E-05
 -0.1163602335070915E-05
  0.1040834085586084E-16
  0.3931869708470592E-05
  0.6570453548124572E-01
  0.1561251128379126E-16
  0.1771887075389944E-05
  0.4285492074771087E-02
 -0.4510281037539698E-16
  0.0000000000000000E+00
  0.6325382953739633E-06
  0.1727927556950655E+01
  0.2076767561632449E-02
  0.8212914369752496E-01
 -0.7522487341094206E-01
  0.7025630077706069E-16
 -0.5811613751340911E-01
  0.4037409457344904E-05
 -0.1301042606982605E-16
 -0.2097616093545981E-01
  0.1819204618648540E-05
  0.1387778780781446E-16
 -0.1387778780781446E-16
 -0.3399218350052826E-01
  0.1109916706668046E-05
  0.1645083112203892E+01
 -0.1200150963365008E+01
 -0.9906601468024671E-01
  0.5370145735082235E+00
 -0.2134201190248638E+00
  0.2191295269031098E+00
  0.3038727497982341E-05
  0.2646022909510713E-01
  0.3412090716991769E-02
  0.4184991565903129E-05
 -0.1238809838033633E-05
  0.5551675729392221E-01
 -0.2088351580749217E-01
  0.3530478884152671E-06
  0.6764989215783358E-01
 -0.5073359585951378E+00
  0.4271650682382821E+00
 -0.3902688623297431E-01
 -0.2333354306737917E-01
 -0.2358125139112783E+00
  0.1321119925287019E+00
 -0.3273724486352672E-05
 -0.2246064726051520E-01
 -0.2171474004861116E-01
 -0.7114688358112603E-05
 -0.4924131759200673E-07
  0.2231671259432989E-01
  0.1499274509424001E-02
 -0.1403158316059779E-05
 -0.3117121538443109E-01
  0.2315815057062232E-01
  0.3792616804622128E+00
  0.1730053718203468E+01
 -0.1533914921865616E-01
 -0.3976605529867042E+00
 -0.2809762666728061E-01
 -0.1621976453623807E+00
 -0.1472566226845551E-05
 -0.7962601930289512E-02
  0.7211822424158783E-01
  0.1456604299676645E-07
 -0.6891882152644524E-07
  0.2137949104088345E+00
 -0.8724109097623942E-01
  0.2602118143093385E-06
  0.1798021760547642E-01
  0.3505942766532364E+00
 -0.3347273992466211E-01
  0.4329599480004578E+00
 -0.1350871117220516E+01
  0.4534696613498346E-01
  0.2891099718085654E+00
 -0.1108681017225808E+00
 -0.5758718595621998E-01
  0.1994203515938431E-05
  0.8329078949967854E-01
  0.3040794242607807E-01
  0.1463382706765742E-05
 -0.1529127754871032E-05
 -0.7777206940502378E-01
 -0.1120618376079606E+00
  0.8087459508624231E-06
 -0.1460550077684202E+00
 -0.2459745817251741E+00
  0.1254396057287902E-01
  0.2761069936552567E+00
  0.5975691858280104E+00
  0.3374973867736886E-07
  0.2934728573510126E-05
 -0.1040531640704445E-05
  0.1410465977338612E-05
 -0.2582731665184274E-06
 -0.1556529547609657E+00
  0.1866201796479373E-05
  0.1672305690366555E-07
  0.1022013255292712E+00
 -0.1584305260105706E+00
 -0.3875370646151330E-06
 -0.1196460578022519E-05
 -0.1070680923459244E+00
  0.8650220795799850E-06
  0.3078901222357266E-05
 -0.1268414854961597E-05
  0.2010582400013838E-06
  0.1545667179678190E-05
  0.8169580379828258E+00
 -0.1200150963365008E+01
 -0.9906601468024660E-01
  0.5370145735082232E+00
  0.2134201190248637E+00
  0.2191295269031097E+00
  0.3038727497961524E-05
 -0.2646022909510721E-01
  0.3412090716991783E-02
  0.4184991565882312E-05
  0.1238809838020188E-05
 -0.5551675729392211E-01
 -0.2088351580749222E-01
  0.3530478884143998E-06
  0.6764989215783349E-01
 -0.3724380214931027E+00
  0.9564323398701374E-01
  0.3651342271660898E+00
 -0.1611323189491158E+00
  0.1092259572392507E-05
 -0.5073359585951374E+00
  0.4271650682382821E+00
 -0.3902688623297423E-01
 -0.2333354306737923E-01
  0.2358125139112782E+00
  0.1321119925287018E+00
 -0.3273724486342264E-05
  0.2246064726051523E-01
 -0.2171474004861118E-01
 -0.7114688358110868E-05
  0.4924131756034802E-07
 -0.2231671259432978E-01
  0.1499274509423998E-02
 -0.1403158316063899E-05
 -0.3117121538443118E-01
  0.9564323398701381E-01
  0.9945515343343846E-01
  0.1829985742224564E-01
  0.9273907342740124E-01
 -0.1482571724519856E-05
  0.2315815057062248E-01
  0.3792616804622131E+00
 -0.1730053718203468E+01
  0.1533914921865613E-01
  0.3976605529867042E+00
 -0.2809762666728073E-01
  0.1621976453623807E+00
  0.1472566226859429E-05
 -0.7962601930289474E-02
 -0.7211822424158781E-01
 -0.1456604301064424E-07
 -0.6891882151083273E-07
  0.2137949104088345E+00
  0.8724109097623939E-01
 -0.2602118142798482E-06
 -0.1798021760547644E-01
 -0.3651342271660898E+00
 -0.1829985742224569E-01
  0.3304928664660700E+00
 -0.2176670104853781E+00
  0.7710387064530783E-06
 -0.3505942766532365E+00
  0.3347273992466213E-01
  0.4329599480004582E+00
 -0.1350871117220516E+01
  0.4534696613498350E-01
  0.2891099718085653E+00
  0.1108681017225806E+00
 -0.5758718595621997E-01
  0.1994203515959247E-05
 -0.8329078949967847E-01
  0.3040794242607815E-01
  0.1463382706769212E-05
  0.1529127754862358E-05
  0.7777206940502379E-01
 -0.1120618376079607E+00
  0.8087459508812882E-06
 -0.1460550077684203E+00
 -0.1611323189491158E+00
  0.9273907342740123E-01
  0.2176670104853780E+00
 -0.1818198041919320E+00
  0.3533513070422961E-06
 -0.2459745817251741E+00
  0.1254396057287892E-01
 -0.2761069936552567E+00
  0.5975691858280108E+00
  0.3374973865655218E-07
  0.2934728573497983E-05
 -0.1040531640690567E-05
 -0.1410465977327337E-05
 -0.2582731665062843E-06
 -0.1556529547609657E+00
 -0.1866201796481975E-05
  0.1672305689932874E-07
  0.1022013255292712E+00
  0.1584305260105708E+00
  0.3875370646368170E-06
 -0.1196460578025554E-05
 -0.1070680923459244E+00
  0.8650220795925617E-06
  0.1092259572406384E-05
 -0.1482571724518988E-05
 -0.7710387064669560E-06
  0.3533513070440308E-06
 -0.6396648398811114E-01
  0.3078901222416247E-05
 -0.1268414854947719E-05
 -0.2010582399666894E-06
  0.1545667179643495E-05
  0.8169580379828263E+00
  0.0000000000000000E+00
