n_hamiltonian_matrix_size:          601
n_cells_in_hamiltonian:            2
n_basis:           48
cell_index (not used in aperiodic systems)
index_hamiltonian(1,:,:)
         1          2          4          7         11         16         22         29         37         46         56         67         79         92        106        121        137        154        172        191        211        232        254        277        301        302        304        307        311        316        322        329        337        346        356        367        379        392        406        421        437        454        472        491        511        532        554        577
         2          4          7         11         16         22         29         37         46         56         67         79         92        106        121        137        154        172        191        211        232        254        277        301        302        304        307        311        316        322        329        337        346        356        367        379        392        406        421        437        454        472        491        511        532        554        577  348635405
index_hamiltonian(2,:,:)
         1          3          6         10         15         21         28         36         45         55         66         78         91        105        120        136        153        171        190        210        231        253        276        300        301        303        306        310        315        321        328        336        345        355        366        378        391        405        420        436        453        471        490        510        531        553        576        600
         3          6         10         15         21         28         36         45         55         66         78         91        105        120        136        153        171        190        210        231        253        276        300        301        303        306        310        315        321        328        336        345        355        366        378        391        405        420        436        453        471        490        510        531        553        576        600 **********
column_index_hamiltonian
         1
         1
         2
         1
         2
         3
         1
         2
         3
         4
         1
         2
         3
         4
         5
         1
         2
         3
         4
         5
         6
         1
         2
         3
         4
         5
         6
         7
         1
         2
         3
         4
         5
         6
         7
         8
         1
         2
         3
         4
         5
         6
         7
         8
         9
         1
         2
         3
         4
         5
         6
         7
         8
         9
        10
         1
         2
         3
         4
         5
         6
         7
         8
         9
        10
        11
         1
         2
         3
         4
         5
         6
         7
         8
         9
        10
        11
        12
         1
         2
         3
         4
         5
         6
         7
         8
         9
        10
        11
        12
        13
         1
         2
         3
         4
         5
         6
         7
         8
         9
        10
        11
        12
        13
        14
         1
         2
         3
         4
         5
         6
         7
         8
         9
        10
        11
        12
        13
        14
        15
         1
         2
         3
         4
         5
         6
         7
         8
         9
        10
        11
        12
        13
        14
        15
        16
         1
         2
         3
         4
         5
         6
         7
         8
         9
        10
        11
        12
        13
        14
        15
        16
        17
         1
         2
         3
         4
         5
         6
         7
         8
         9
        10
        11
        12
        13
        14
        15
        16
        17
        18
         1
         2
         3
         4
         5
         6
         7
         8
         9
        10
        11
        12
        13
        14
        15
        16
        17
        18
        19
         1
         2
         3
         4
         5
         6
         7
         8
         9
        10
        11
        12
        13
        14
        15
        16
        17
        18
        19
        20
         1
         2
         3
         4
         5
         6
         7
         8
         9
        10
        11
        12
        13
        14
        15
        16
        17
        18
        19
        20
        21
         1
         2
         3
         4
         5
         6
         7
         8
         9
        10
        11
        12
        13
        14
        15
        16
        17
        18
        19
        20
        21
        22
         1
         2
         3
         4
         5
         6
         7
         8
         9
        10
        11
        12
        13
        14
        15
        16
        17
        18
        19
        20
        21
        22
        23
         1
         2
         3
         4
         5
         6
         7
         8
         9
        10
        11
        12
        13
        14
        15
        16
        17
        18
        19
        20
        21
        22
        23
        24
        25
        25
        26
        25
        26
        27
        25
        26
        27
        28
        25
        26
        27
        28
        29
        25
        26
        27
        28
        29
        30
        25
        26
        27
        28
        29
        30
        31
        25
        26
        27
        28
        29
        30
        31
        32
        25
        26
        27
        28
        29
        30
        31
        32
        33
        25
        26
        27
        28
        29
        30
        31
        32
        33
        34
        25
        26
        27
        28
        29
        30
        31
        32
        33
        34
        35
        25
        26
        27
        28
        29
        30
        31
        32
        33
        34
        35
        36
        25
        26
        27
        28
        29
        30
        31
        32
        33
        34
        35
        36
        37
        25
        26
        27
        28
        29
        30
        31
        32
        33
        34
        35
        36
        37
        38
        25
        26
        27
        28
        29
        30
        31
        32
        33
        34
        35
        36
        37
        38
        39
        25
        26
        27
        28
        29
        30
        31
        32
        33
        34
        35
        36
        37
        38
        39
        40
        25
        26
        27
        28
        29
        30
        31
        32
        33
        34
        35
        36
        37
        38
        39
        40
        41
        25
        26
        27
        28
        29
        30
        31
        32
        33
        34
        35
        36
        37
        38
        39
        40
        41
        42
        25
        26
        27
        28
        29
        30
        31
        32
        33
        34
        35
        36
        37
        38
        39
        40
        41
        42
        43
        25
        26
        27
        28
        29
        30
        31
        32
        33
        34
        35
        36
        37
        38
        39
        40
        41
        42
        43
        44
        25
        26
        27
        28
        29
        30
        31
        32
        33
        34
        35
        36
        37
        38
        39
        40
        41
        42
        43
        44
        45
        25
        26
        27
        28
        29
        30
        31
        32
        33
        34
        35
        36
        37
        38
        39
        40
        41
        42
        43
        44
        45
        46
        25
        26
        27
        28
        29
        30
        31
        32
        33
        34
        35
        36
        37
        38
        39
        40
        41
        42
        43
        44
        45
        46
        47
        25
        26
        27
        28
        29
        30
        31
        32
        33
        34
        35
        36
        37
        38
        39
        40
        41
        42
        43
        44
        45
        46
        47
        48
         0
