  0.1000002560136819E+01
  0.2450626402389355E-05
  0.9999985786980802E+00
  0.4274962815666028E-05
 -0.3969403684342399E-05
  0.9999935908560422E+00
  0.3122502256758253E-16
  0.2428612866367530E-16
  0.1387778780781446E-16
  0.9999862161016705E+00
  0.3496393331314102E-05
 -0.2180118200759140E-05
 -0.4854157104702828E-05
 -0.3816391647148976E-16
  0.9999937546258362E+00
 -0.6938893903907228E-17
  0.3469446951953614E-17
 -0.4163336342344337E-16
  0.2081668171172169E-16
  0.0000000000000000E+00
  0.9999992293278247E+00
  0.2602085213965211E-16
  0.8673617379884035E-16
 -0.1387778780781446E-16
  0.2491175126975720E-05
  0.1040834085586084E-16
 -0.1734723475976807E-16
  0.9998969368043156E+00
 -0.2573753118888938E-05
  0.9978523210447086E-05
  0.7947694823047524E-05
  0.3469446951953614E-17
 -0.1298232997196114E-04
  0.1040834085586084E-16
  0.1040834085586084E-16
  0.9998135377418680E+00
  0.6938893903907228E-17
 -0.1387778780781446E-16
  0.1387778780781446E-16
 -0.1040834085586084E-16
  0.1908195823574488E-16
 -0.2595208362730916E-04
 -0.1734723475976807E-16
  0.2602085213965211E-16
  0.9997364274290478E+00
 -0.2602085213965211E-17
  0.5204170427930421E-17
  0.3469446951953614E-16
 -0.1387778780781446E-16
  0.0000000000000000E+00
 -0.2428612866367530E-16
 -0.1214306433183765E-16
  0.5204170427930421E-17
  0.8673617379884035E-17
  0.9999961816299129E+00
  0.5637851296924623E-17
  0.1387778780781446E-16
  0.1214306433183765E-16
  0.6423428137449731E-05
 -0.1040834085586084E-15
  0.0000000000000000E+00
 -0.6425552284302499E-05
  0.4336808689942018E-17
 -0.3469446951953614E-17
 -0.2775557561562891E-16
  0.1000000356969856E+01
 -0.2755661087702060E-06
 -0.8103498088229272E-06
 -0.1110526036372794E-05
 -0.3469446951953614E-17
 -0.2390970676099946E-06
  0.0000000000000000E+00
 -0.1734723475976807E-16
 -0.5564810987360169E-07
 -0.6938893903907228E-17
 -0.2428612866367530E-16
 -0.4336808689942018E-18
  0.9999971528950604E+00
 -0.7806255641895632E-17
  0.1734723475976807E-16
 -0.1387778780781446E-16
 -0.6938893903907228E-17
  0.3122502256758253E-16
 -0.1255811947658766E-05
 -0.1040834085586084E-16
 -0.1821459649775647E-16
  0.3728706692122941E-06
 -0.1301042606982605E-16
  0.1040834085586084E-16
 -0.6938893903907228E-17
  0.1000000986311509E+01
  0.4428385151890313E-05
 -0.4597343832846157E-06
 -0.2190745369392080E-05
 -0.2775557561562891E-16
 -0.3839620042507194E-05
  0.1387778780781446E-16
  0.1387778780781446E-16
  0.3399211476788622E-05
  0.6938893903907228E-17
  0.0000000000000000E+00
 -0.2602085213965211E-16
 -0.8753661918277367E-06
 -0.2775557561562891E-16
  0.1000001038664249E+01
  0.6381061869005795E-01
  0.5711745896697394E+00
 -0.3966632610642813E+00
  0.3164909774228825E+00
 -0.2472717058131011E+00
  0.6938893903907228E-17
  0.3112809872080714E+00
 -0.2432228535897193E+00
  0.1734723475976807E-17
  0.3469446951953614E-17
 -0.1796478713868404E+00
  0.1465756389383245E-01
  0.6938893903907228E-17
 -0.1149684709023236E+00
  0.9999871870286028E+00
 -0.2276273490547926E-01
 -0.2713995187406487E+00
  0.7462502256579588E-01
  0.1922931421651047E+00
 -0.1502323222123123E+00
  0.1734723475976807E-17
 -0.1027139800887176E+00
  0.8029916459175918E-01
  0.1214306433183765E-16
 -0.6938893903907228E-17
 -0.3003576246907925E+00
  0.2450635960286133E-01
  0.8673617379884035E-17
 -0.1922198832046025E+00
  0.2794849488902545E-04
  0.9999355253058365E+00
 -0.9196376142119866E-01
 -0.5177777520482993E-01
  0.4058054961596663E+00
  0.2555727906666307E-01
  0.2835488806535163E+00
  0.1387778780781446E-16
  0.3130793577512127E+00
 -0.1590842047040607E-01
  0.6938893903907228E-17
 -0.1387778780781446E-16
  0.7160945656823751E-01
 -0.2167878873625509E+00
 -0.6938893903907228E-17
 -0.1186924636659038E+00
  0.6669561076894093E-05
 -0.1428142870548571E-04
  0.9999991752667954E+00
  0.7185025140328170E-01
  0.4045331297896822E-01
 -0.3170508302226744E+00
  0.2835498284975511E+00
  0.1669506873290666E+00
 -0.3469446951953614E-17
 -0.1590682392071074E-01
  0.3051439674730035E+00
  0.1387778780781446E-16
  0.3469446951953614E-17
  0.7224282201884466E-01
 -0.2758908549234945E+00
  0.3469446951953614E-17
 -0.1643407602802568E+00
 -0.3022115327797753E-05
  0.5597902925929751E-05
  0.1892088748664533E-06
  0.9999994310523241E+00
 -0.4336808689942018E-18
  0.1214306433183765E-16
  0.3469446951953614E-17
 -0.1040834085586084E-16
  0.1040834085586084E-16
  0.3884843863102350E+00
  0.5204170427930421E-17
  0.1040834085586084E-16
  0.2927191542337534E+00
 -0.3290384268710561E+00
  0.6938893903907228E-17
  0.6938893903907228E-17
 -0.2570737067194848E+00
  0.1734723475976807E-16
  0.2081668171172169E-16
  0.1387778780781446E-16
  0.1691355389077387E-16
 -0.3469446951953614E-17
  0.9999999629009598E+00
  0.6381061869005795E-01
  0.5711745896697396E+00
 -0.3966632610642812E+00
 -0.3164909774228823E+00
 -0.2472717058131011E+00
  0.0000000000000000E+00
 -0.3112809872080714E+00
 -0.2432228535897194E+00
  0.6938893903907228E-17
  0.2081668171172169E-16
  0.1796478713868404E+00
  0.1465756389383245E-01
 -0.1387778780781446E-16
 -0.1149684709023236E+00
  0.4233098205955609E+00
 -0.3350957769679248E+00
 -0.2988318569539049E+00
 -0.1525090154501536E-05
 -0.3469446951953614E-17
  0.9999871870286029E+00
 -0.2276273490547925E-01
 -0.2713995187406487E+00
  0.7462502256579588E-01
 -0.1922931421651047E+00
 -0.1502323222123123E+00
  0.0000000000000000E+00
  0.1027139800887176E+00
  0.8029916459175918E-01
 -0.2081668171172169E-16
  0.1127570259384925E-16
  0.3003576246907925E+00
  0.2450635960286133E-01
  0.1734723475976807E-16
 -0.1922198832046025E+00
 -0.3350957769679248E+00
  0.2092769921080251E+00
  0.8207316292370176E-02
  0.2889799598651023E-05
 -0.6938893903907228E-17
  0.2794849488897168E-04
  0.9999355253058365E+00
  0.9196376142119869E-01
  0.5177777520482996E-01
 -0.4058054961596663E+00
  0.2555727906666309E-01
 -0.2835488806535162E+00
  0.3469446951953614E-16
  0.3130793577512125E+00
  0.1590842047040607E-01
  0.1387778780781446E-16
 -0.1734723475976807E-17
  0.7160945656823753E-01
  0.2167878873625508E+00
  0.3469446951953614E-17
  0.1186924636659038E+00
  0.2988318569539049E+00
 -0.8207316292370162E-02
 -0.3171321099925558E+00
 -0.4103234148965934E-06
 -0.3469446951953614E-17
 -0.6669561076866337E-05
  0.1428142870553428E-04
  0.9999991752667956E+00
  0.7185025140328170E-01
  0.4045331297896822E-01
 -0.3170508302226744E+00
 -0.2835498284975511E+00
  0.1669506873290666E+00
  0.3469446951953614E-17
  0.1590682392071071E-01
  0.3051439674730034E+00
  0.6938893903907228E-17
 -0.1040834085586084E-16
 -0.7224282201884466E-01
 -0.2758908549234944E+00
 -0.1301042606982605E-16
 -0.1643407602802567E+00
 -0.1525090154491128E-05
  0.2889799598661431E-05
  0.4103234148983281E-06
  0.1591310781393736E+00
 -0.3903127820947816E-17
 -0.3022115327738772E-05
  0.5597902925926282E-05
 -0.1892088749080867E-06
  0.9999994310523236E+00
  0.4336808689942018E-18
  0.1387778780781446E-16
  0.0000000000000000E+00
 -0.1040834085586084E-16
  0.1040834085586084E-16
  0.3884843863102347E+00
  0.1387778780781446E-16
  0.2602085213965211E-17
  0.2927191542337534E+00
  0.3290384268710561E+00
  0.1387778780781446E-16
 -0.1040834085586084E-16
 -0.2570737067194848E+00
  0.6938893903907228E-17
 -0.3469446951953614E-17
 -0.4336808689942018E-17
  0.4336808689942018E-17
  0.1734723475976807E-17
  0.1591313257007567E+00
 -0.4857225732735060E-16
 -0.2775557561562891E-16
  0.1040834085586084E-16
 -0.3382710778154774E-16
  0.9999999629009600E+00
  0.1000002560136819E+01
  0.2450626402283537E-05
  0.9999985786980801E+00
  0.4274962815443983E-05
 -0.3969403684418726E-05
  0.9999935908560420E+00
  0.9540979117872439E-17
  0.2081668171172169E-16
  0.1092875789865388E-15
  0.9999862161016704E+00
  0.3496393331279407E-05
 -0.2180118200786896E-05
 -0.4854157104716705E-05
 -0.1214306433183765E-16
  0.9999937546258366E+00
 -0.1387778780781446E-16
 -0.3469446951953614E-17
 -0.1387778780781446E-16
 -0.1734723475976807E-16
  0.2602085213965211E-17
  0.9999992293278246E+00
  0.1821459649775647E-16
  0.4336808689942018E-18
 -0.1496198998029996E-16
  0.2491175126934086E-05
  0.9107298248878237E-17
  0.8673617379884035E-17
  0.9998969368043154E+00
 -0.2573753118864652E-05
  0.9978523210371626E-05
  0.7947694823037116E-05
  0.9107298248878237E-17
 -0.1298232997203747E-04
  0.0000000000000000E+00
  0.6938893903907228E-17
  0.9998135377418681E+00
  0.0000000000000000E+00
  0.1387778780781446E-16
 -0.6938893903907228E-17
  0.0000000000000000E+00
  0.6938893903907228E-17
 -0.2595208362719120E-04
  0.4336808689942018E-17
  0.1387778780781446E-16
  0.9997364274290479E+00
  0.3035766082959412E-17
 -0.1040834085586084E-16
 -0.3469446951953614E-16
 -0.2775557561562891E-16
  0.2255140518769849E-16
 -0.1279358563532895E-16
 -0.5551115123125783E-16
 -0.1734723475976807E-17
 -0.1040834085586084E-16
  0.9999961816299126E+00
  0.1040834085586084E-16
  0.7806255641895632E-17
 -0.6938893903907228E-17
  0.6423428137374704E-05
  0.6938893903907228E-17
 -0.2081668171172169E-16
 -0.6425552284382297E-05
  0.6938893903907228E-17
  0.4336808689942018E-17
  0.1908195823574488E-16
  0.1000000356969856E+01
 -0.2755661087710734E-06
 -0.8103498089009897E-06
 -0.1110526036490755E-05
 -0.2775557561562891E-16
 -0.2390970676099946E-06
  0.0000000000000000E+00
 -0.1734723475976807E-17
 -0.5564810984237667E-07
 -0.6938893903907228E-17
 -0.3122502256758253E-16
  0.1387778780781446E-16
  0.9999971528950604E+00
  0.3469446951953614E-17
 -0.2255140518769849E-16
 -0.3209238430557093E-16
 -0.1561251128379126E-16
  0.1387778780781446E-16
 -0.1255811947736829E-05
 -0.1734723475976807E-17
 -0.2081668171172169E-16
  0.3728706692157635E-06
  0.1214306433183765E-16
 -0.2775557561562891E-16
  0.1734723475976807E-16
  0.1000000986311508E+01
  0.4428385151903323E-05
 -0.4597343832221656E-06
 -0.2190745369241159E-05
  0.2428612866367530E-16
 -0.3839620042543623E-05
 -0.3816391647148976E-16
  0.0000000000000000E+00
  0.3399211476781683E-05
 -0.3469446951953614E-17
  0.6938893903907228E-17
 -0.2428612866367530E-16
 -0.8753661918173283E-06
  0.5204170427930421E-17
  0.1000001038664249E+01
  0.6381061869005797E-01
  0.5711745896697394E+00
 -0.3966632610642812E+00
  0.3164909774228824E+00
 -0.2472717058131012E+00
 -0.1387778780781446E-16
  0.3112809872080714E+00
 -0.2432228535897193E+00
 -0.2428612866367530E-16
 -0.6938893903907228E-17
 -0.1796478713868404E+00
  0.1465756389383246E-01
  0.6938893903907228E-17
 -0.1149684709023236E+00
  0.9999871870286027E+00
 -0.2276273490547926E-01
 -0.2713995187406487E+00
  0.7462502256579584E-01
  0.1922931421651047E+00
 -0.1502323222123123E+00
 -0.6938893903907228E-17
 -0.1027139800887176E+00
  0.8029916459175916E-01
  0.3469446951953614E-16
 -0.8673617379884035E-18
 -0.3003576246907925E+00
  0.2450635960286134E-01
  0.8673617379884035E-18
 -0.1922198832046025E+00
  0.2794849488897515E-04
  0.9999355253058360E+00
 -0.9196376142119869E-01
 -0.5177777520483001E-01
  0.4058054961596662E+00
  0.2555727906666309E-01
  0.2835488806535164E+00
  0.6938893903907228E-17
  0.3130793577512125E+00
 -0.1590842047040608E-01
  0.5204170427930421E-17
  0.1040834085586084E-16
  0.7160945656823749E-01
 -0.2167878873625509E+00
 -0.2775557561562891E-16
 -0.1186924636659037E+00
  0.6669561076949604E-05
 -0.1428142870555510E-04
  0.9999991752667958E+00
  0.7185025140328175E-01
  0.4045331297896823E-01
 -0.3170508302226744E+00
  0.2835498284975510E+00
  0.1669506873290666E+00
 -0.6938893903907228E-17
 -0.1590682392071069E-01
  0.3051439674730035E+00
  0.7806255641895632E-17
  0.5898059818321144E-16
  0.7224282201884466E-01
 -0.2758908549234945E+00
 -0.1214306433183765E-16
 -0.1643407602802568E+00
 -0.3022115327801222E-05
  0.5597902925931486E-05
  0.1892088748282894E-06
  0.9999994310523237E+00
  0.1301042606982605E-17
  0.3469446951953614E-17
 -0.6938893903907228E-17
  0.3469446951953614E-17
 -0.3469446951953614E-17
  0.3884843863102349E+00
 -0.3469446951953614E-17
  0.3469446951953614E-17
  0.2927191542337534E+00
 -0.3290384268710561E+00
  0.9540979117872439E-17
  0.3469446951953614E-17
 -0.2570737067194847E+00
  0.1387778780781446E-16
 -0.3469446951953614E-16
  0.0000000000000000E+00
  0.2081668171172169E-16
  0.3469446951953614E-17
  0.9999999629009596E+00
  0.6381061869005797E-01
  0.5711745896697396E+00
 -0.3966632610642812E+00
 -0.3164909774228825E+00
 -0.2472717058131011E+00
  0.0000000000000000E+00
 -0.3112809872080714E+00
 -0.2432228535897194E+00
 -0.1734723475976807E-16
  0.0000000000000000E+00
  0.1796478713868404E+00
  0.1465756389383249E-01
 -0.1734723475976807E-16
 -0.1149684709023236E+00
  0.4233098205955609E+00
 -0.3350957769679248E+00
 -0.2988318569539048E+00
 -0.1525090154504138E-05
 -0.1734723475976807E-17
  0.9999871870286028E+00
 -0.2276273490547926E-01
 -0.2713995187406487E+00
  0.7462502256579587E-01
 -0.1922931421651047E+00
 -0.1502323222123123E+00
 -0.1734723475976807E-16
  0.1027139800887175E+00
  0.8029916459175920E-01
  0.1387778780781446E-16
  0.1734723475976807E-17
  0.3003576246907925E+00
  0.2450635960286133E-01
 -0.5204170427930421E-17
 -0.1922198832046025E+00
 -0.3350957769679248E+00
  0.2092769921080251E+00
  0.8207316292370155E-02
  0.2889799598664033E-05
 -0.3469446951953614E-17
  0.2794849488899770E-04
  0.9999355253058364E+00
  0.9196376142119868E-01
  0.5177777520482996E-01
 -0.4058054961596662E+00
  0.2555727906666307E-01
 -0.2835488806535163E+00
  0.0000000000000000E+00
  0.3130793577512127E+00
  0.1590842047040608E-01
  0.0000000000000000E+00
  0.0000000000000000E+00
  0.7160945656823747E-01
  0.2167878873625510E+00
 -0.1561251128379126E-16
  0.1186924636659037E+00
  0.2988318569539049E+00
 -0.8207316292370152E-02
 -0.3171321099925559E+00
 -0.4103234148948587E-06
 -0.1734723475976807E-17
 -0.6669561076878480E-05
  0.1428142870556204E-04
  0.9999991752667955E+00
  0.7185025140328175E-01
  0.4045331297896825E-01
 -0.3170508302226744E+00
 -0.2835498284975510E+00
  0.1669506873290666E+00
  0.6938893903907228E-17
  0.1590682392071072E-01
  0.3051439674730035E+00
 -0.6071532165918825E-17
  0.2081668171172169E-16
 -0.7224282201884466E-01
 -0.2758908549234945E+00
 -0.2602085213965211E-17
 -0.1643407602802568E+00
 -0.1525090154495465E-05
  0.2889799598669671E-05
  0.4103234148983281E-06
  0.1591310781393736E+00
  0.0000000000000000E+00
 -0.3022115327787345E-05
  0.5597902925912404E-05
 -0.1892088748838006E-06
  0.9999994310523238E+00
 -0.1301042606982605E-17
 -0.3469446951953614E-17
  0.3469446951953614E-17
  0.0000000000000000E+00
 -0.5204170427930421E-17
  0.3884843863102349E+00
  0.6938893903907228E-17
 -0.1561251128379126E-16
  0.2927191542337534E+00
  0.3290384268710561E+00
 -0.2255140518769849E-16
 -0.1734723475976807E-17
 -0.2570737067194847E+00
 -0.5204170427930421E-17
 -0.1734723475976807E-17
 -0.5204170427930421E-17
 -0.1734723475976807E-17
  0.0000000000000000E+00
  0.1591313257007567E+00
  0.2775557561562891E-16
 -0.6938893903907228E-17
 -0.1561251128379126E-16
  0.3469446951953614E-17
  0.9999999629009599E+00
  0.0000000000000000E+00
